<?xml version="1.0" encoding="UTF-8"?>
<!-- Generated by org.testng.reporters.JUnitReportReporter -->
<testsuite skipped="0" hostname="Dell" name="com.automation.tests.PracticeTest" tests="6" failures="0" timestamp="2020-05-18T01:17:06 IST" time="91.052" errors="0">
  <testcase name="addProductIntoCart" time="32.721" classname="com.automation.tests.PracticeTest"/>
  <system-out/>
  <testcase name="verifyOrderHistory" time="4.422" classname="com.automation.tests.PracticeTest"/>
  <system-out/>
  <testcase name="verifyTotalPriceOnPaymentSummaryPage" time="5.953" classname="com.automation.tests.PracticeTest"/>
  <system-out/>
  <testcase name="createAccountTest" time="38.350" classname="com.automation.tests.PracticeTest"/>
  <system-out/>
  <testcase name="proceedToChkOut" time="9.501" classname="com.automation.tests.PracticeTest"/>
  <system-out/>
  <testcase name="verifyTodatPriceOrderSummaryPage" time="0.105" classname="com.automation.tests.PracticeTest"/>
  <system-out/>
</testsuite> <!-- com.automation.tests.PracticeTest -->
